#
# There is insufficient memory for the Java Runtime Environment to continue.
# Native memory allocation (mmap) failed to map 266338304 bytes for G1 virtual space
# Possible reasons:
#   The system is out of physical RAM or swap space
#   The process is running with CompressedOops enabled, and the Java Heap may be blocking the growth of the native heap
# Possible solutions:
#   Reduce memory load on the system
#   Increase physical memory or swap space
#   Check if swap backing store is full
#   Decrease Java heap size (-Xmx/-Xms)
#   Decrease number of Java threads
#   Decrease Java thread stack sizes (-Xss)
#   Set larger code cache with -XX:ReservedCodeCacheSize=
#   JVM is running with Zero Based Compressed Oops mode in which the Java heap is
#     placed in the first 32GB address space. The Java Heap base address is the
#     maximum limit for the native heap growth. Please use -XX:HeapBaseMinAddress
#     to set the Java Heap base and to place the Java Heap above 32GB virtual address.
# This output file may be truncated or incomplete.
#
#  Out of Memory Error (os_windows.cpp:3548), pid=23952, tid=69232
#
# JRE version:  (17.0.10+11) (build )
# Java VM: Java HotSpot(TM) 64-Bit Server VM (17.0.10+11-LTS-240, mixed mode, emulated-client, sharing, tiered, compressed oops, compressed class ptrs, g1 gc, windows-amd64)
# No core dump will be written. Minidumps are not enabled by default on client versions of Windows
#

---------------  S U M M A R Y ------------

Command Line: -XX:TieredStopAtLevel=1 -Dspring.output.ansi.enabled=always -Dcom.sun.management.jmxremote -Dspring.jmx.enabled=true -Dspring.liveBeansView.mbeanDomain -Dspring.application.admin.enabled=true -Dmanagement.endpoints.jmx.exposure.include=* -javaagent:C:\Program Files\JetBrains\IntelliJ IDEA 2023.3.3\lib\idea_rt.jar=55665:C:\Program Files\JetBrains\IntelliJ IDEA 2023.3.3\bin -Dfile.encoding=UTF-8 com.sky.SkyApplication

Host: Intel(R) Core(TM) i7-9750H CPU @ 2.60GHz, 12 cores, 15G,  Windows 10 , 64 bit Build 19041 (10.0.19041.3636)
Time: Wed Jun 26 21:55:50 2024  Windows 10 , 64 bit Build 19041 (10.0.19041.3636) elapsed time: 0.048699 seconds (0d 0h 0m 0s)

---------------  T H R E A D  ---------------

Current thread (0x00000237f9948fb0):  JavaThread "Unknown thread" [_thread_in_vm, id=69232, stack(0x0000003954b00000,0x0000003954c00000)]

Stack: [0x0000003954b00000,0x0000003954c00000]
Native frames: (J=compiled Java code, j=interpreted, Vv=VM code, C=native code)
V  [jvm.dll+0x677a5a]
V  [jvm.dll+0x7d8b2d]
V  [jvm.dll+0x7da48e]
V  [jvm.dll+0x7daaf3]
V  [jvm.dll+0x2455ff]
V  [jvm.dll+0x6749b9]
V  [jvm.dll+0x669382]
V  [jvm.dll+0x302e96]
V  [jvm.dll+0x30a416]
V  [jvm.dll+0x359cbe]
V  [jvm.dll+0x359eef]
V  [jvm.dll+0x2d9e88]
V  [jvm.dll+0x2dadf4]
V  [jvm.dll+0x7aa551]
V  [jvm.dll+0x367911]
V  [jvm.dll+0x789639]
V  [jvm.dll+0x3eb30f]
V  [jvm.dll+0x3ecd91]
C  [jli.dll+0x5297]
C  [ucrtbase.dll+0x21bb2]
C  [KERNEL32.DLL+0x17344]
C  [ntdll.dll+0x4cc91]


---------------  P R O C E S S  ---------------

Threads class SMR info:
_java_thread_list=0x00007ffb89be6a18, length=0, elements={
}

Java Threads: ( => current thread )

Other Threads:
  0x00000237f99b3b50 GCTaskThread "GC Thread#0" [stack: 0x0000003954c00000,0x0000003954d00000] [id=95424]
  0x00000237f99c4820 ConcurrentGCThread "G1 Main Marker" [stack: 0x0000003954d00000,0x0000003954e00000] [id=67108]
  0x00000237f99c5e40 ConcurrentGCThread "G1 Conc#0" [stack: 0x0000003954e00000,0x0000003954f00000] [id=104904]

[error occurred during error reporting (printing all threads), id 0xc0000005, EXCEPTION_ACCESS_VIOLATION (0xc0000005) at pc=0x00007ffb8941aae7]

VM state: not at safepoint (not fully initialized)

VM Mutex/Monitor currently owned by a thread:  ([mutex/lock_event])
[0x00000237f9945bb0] Heap_lock - owner thread: 0x00000237f9948fb0

Heap address: 0x0000000702800000, size: 4056 MB, Compressed Oops mode: Zero based, Oop shift amount: 3

CDS archive(s) mapped at: [0x0000000000000000-0x0000000000000000-0x0000000000000000), size 0, SharedBaseAddress: 0x0000000800000000, ArchiveRelocationMode: 1.
Narrow klass base: 0x0000000000000000, Narrow klass shift: 0, Narrow klass range: 0x0

GC Precious Log:
<Empty>

Heap:
 garbage-first heap   total 0K, used 0K [0x0000000702800000, 0x0000000800000000)
  region size 2048K, 0 young (0K), 0 survivors (0K)

[error occurred during error reporting (printing heap information), id 0xc0000005, EXCEPTION_ACCESS_VIOLATION (0xc0000005) at pc=0x00007ffb89801249]

GC Heap History (0 events):
No events

Deoptimization events (0 events):
No events

Classes unloaded (0 events):
No events

Classes redefined (0 events):
No events

Internal exceptions (0 events):
No events

VM Operations (0 events):
No events

Events (1 events):
Event: 0.034 Loaded shared library D:\develop_tools\jdk\jdk-17\bin\java.dll


Dynamic libraries:
0x00007ff73cf20000 - 0x00007ff73cf30000 	D:\develop_tools\jdk\jdk-17\bin\java.exe
0x00007ffbe6c90000 - 0x00007ffbe6e88000 	C:\WINDOWS\SYSTEM32\ntdll.dll
0x00007ffbe5420000 - 0x00007ffbe54dd000 	C:\WINDOWS\System32\KERNEL32.DLL
0x00007ffbe4550000 - 0x00007ffbe4846000 	C:\WINDOWS\System32\KERNELBASE.dll
0x00007ffbe4850000 - 0x00007ffbe4950000 	C:\WINDOWS\System32\ucrtbase.dll
0x00007ffbbc8d0000 - 0x00007ffbbc8eb000 	D:\develop_tools\jdk\jdk-17\bin\VCRUNTIME140.dll
0x00007ffbbc8f0000 - 0x00007ffbbc909000 	D:\develop_tools\jdk\jdk-17\bin\jli.dll
0x00007ffbe60e0000 - 0x00007ffbe6190000 	C:\WINDOWS\System32\ADVAPI32.dll
0x00007ffbe6340000 - 0x00007ffbe63de000 	C:\WINDOWS\System32\msvcrt.dll
0x00007ffbe62a0000 - 0x00007ffbe6340000 	C:\WINDOWS\System32\sechost.dll
0x00007ffbe5810000 - 0x00007ffbe5933000 	C:\WINDOWS\System32\RPCRT4.dll
0x00007ffbe4350000 - 0x00007ffbe4377000 	C:\WINDOWS\System32\bcrypt.dll
0x00007ffbe4d50000 - 0x00007ffbe4eef000 	C:\WINDOWS\System32\USER32.dll
0x00007ffbe4420000 - 0x00007ffbe4442000 	C:\WINDOWS\System32\win32u.dll
0x00007ffbe5940000 - 0x00007ffbe596b000 	C:\WINDOWS\System32\GDI32.dll
0x00007ffbe4bb0000 - 0x00007ffbe4cc7000 	C:\WINDOWS\System32\gdi32full.dll
0x00007ffbcd560000 - 0x00007ffbcd7fa000 	C:\WINDOWS\WinSxS\amd64_microsoft.windows.common-controls_6595b64144ccf1df_6.0.19041.4355_none_60b8b9eb71f62e16\COMCTL32.dll
0x00007ffbe4380000 - 0x00007ffbe441d000 	C:\WINDOWS\System32\msvcp_win.dll
0x00007ffbe3e80000 - 0x00007ffbe3e8a000 	C:\WINDOWS\SYSTEM32\VERSION.dll
0x00007ffbe6440000 - 0x00007ffbe646f000 	C:\WINDOWS\System32\IMM32.DLL
0x0000000074950000 - 0x000000007495d000 	F:\360\360Safe\safemon\SafeWrapper.dll
0x00007ffbce3f0000 - 0x00007ffbce49e000 	F:\360\360Safe\safemon\libzdtp64.dll
0x00007ffbe6470000 - 0x00007ffbe6bdc000 	C:\WINDOWS\System32\SHELL32.dll
0x00007ffbe63e0000 - 0x00007ffbe6435000 	C:\WINDOWS\System32\SHLWAPI.dll
0x00007ffbda640000 - 0x00007ffbda64c000 	D:\develop_tools\jdk\jdk-17\bin\vcruntime140_1.dll
0x00007ffbbbe90000 - 0x00007ffbbbf1e000 	D:\develop_tools\jdk\jdk-17\bin\msvcp140.dll
0x00007ffb89130000 - 0x00007ffb89d0f000 	D:\develop_tools\jdk\jdk-17\bin\server\jvm.dll
0x00007ffbe6be0000 - 0x00007ffbe6be8000 	C:\WINDOWS\System32\PSAPI.DLL
0x00007ffbd43e0000 - 0x00007ffbd4407000 	C:\WINDOWS\SYSTEM32\WINMM.dll
0x00007ffbccbd0000 - 0x00007ffbccbd9000 	C:\WINDOWS\SYSTEM32\WSOCK32.dll
0x00007ffbe5ad0000 - 0x00007ffbe5b3b000 	C:\WINDOWS\System32\WS2_32.dll
0x00007ffbe2120000 - 0x00007ffbe2132000 	C:\WINDOWS\SYSTEM32\kernel.appcore.dll
0x00007ffbd8250000 - 0x00007ffbd825a000 	D:\develop_tools\jdk\jdk-17\bin\jimage.dll
0x00007ffbdaf50000 - 0x00007ffbdb134000 	C:\WINDOWS\SYSTEM32\DBGHELP.DLL
0x00007ffbcae50000 - 0x00007ffbcae84000 	C:\WINDOWS\SYSTEM32\dbgcore.DLL
0x00007ffbe44c0000 - 0x00007ffbe4542000 	C:\WINDOWS\System32\bcryptPrimitives.dll
0x00007ffbde210000 - 0x00007ffbde21e000 	D:\develop_tools\jdk\jdk-17\bin\instrument.dll
0x00007ffbbd4e0000 - 0x00007ffbbd505000 	D:\develop_tools\jdk\jdk-17\bin\java.dll

dbghelp: loaded successfully - version: 4.0.5 - missing functions: none
symbol engine: initialized successfully - sym options: 0x614 - pdb path: .;D:\develop_tools\jdk\jdk-17\bin;C:\WINDOWS\SYSTEM32;C:\WINDOWS\WinSxS\amd64_microsoft.windows.common-controls_6595b64144ccf1df_6.0.19041.4355_none_60b8b9eb71f62e16;F:\360\360Safe\safemon;D:\develop_tools\jdk\jdk-17\bin\server

VM Arguments:
jvm_args: -XX:TieredStopAtLevel=1 -Dspring.output.ansi.enabled=always -Dcom.sun.management.jmxremote -Dspring.jmx.enabled=true -Dspring.liveBeansView.mbeanDomain -Dspring.application.admin.enabled=true -Dmanagement.endpoints.jmx.exposure.include=* -javaagent:C:\Program Files\JetBrains\IntelliJ IDEA 2023.3.3\lib\idea_rt.jar=55665:C:\Program Files\JetBrains\IntelliJ IDEA 2023.3.3\bin -Dfile.encoding=UTF-8 
java_command: com.sky.SkyApplication
java_class_path (initial): F:\Develop\Workspace\CangQiongWaiMai\sky-take-out\sky-server\target\classes;F:\Develop\Workspace\CangQiongWaiMai\sky-take-out\sky-common\target\classes;F:\Develop\Maven\apache-maven-3.6.1\mvn_repo\commons-lang\commons-lang\2.6\commons-lang-2.6.jar;F:\Develop\Maven\apache-maven-3.6.1\mvn_repo\org\springframework\boot\spring-boot-starter-json\2.7.3\spring-boot-starter-json-2.7.3.jar;F:\Develop\Maven\apache-maven-3.6.1\mvn_repo\com\fasterxml\jackson\datatype\jackson-datatype-jdk8\2.13.3\jackson-datatype-jdk8-2.13.3.jar;F:\Develop\Maven\apache-maven-3.6.1\mvn_repo\com\fasterxml\jackson\datatype\jackson-datatype-jsr310\2.13.3\jackson-datatype-jsr310-2.13.3.jar;F:\Develop\Maven\apache-maven-3.6.1\mvn_repo\com\fasterxml\jackson\module\jackson-module-parameter-names\2.13.3\jackson-module-parameter-names-2.13.3.jar;F:\Develop\Maven\apache-maven-3.6.1\mvn_repo\io\jsonwebtoken\jjwt\0.9.1\jjwt-0.9.1.jar;F:\Develop\Maven\apache-maven-3.6.1\mvn_repo\com\aliyun\oss\aliyun-sdk-oss\3.10.2\aliyun-sdk-oss-3.10.2.jar;F:\Develop\Maven\apache-maven-3.6.1\mvn_repo\org\apache\httpcomponents\httpclient\4.5.13\httpclient-4.5.13.jar;F:\Develop\Maven\apache-maven-3.6.1\mvn_repo\org\apache\httpcomponents\httpcore\4.4.15\httpcore-4.4.15.jar;F:\Develop\Maven\apache-maven-3.6.1\mvn_repo\org\jdom\jdom2\2.0.6.1\jdom2-2.0.6.1.jar;F:\Develop\Maven\apache-maven-3.6.1\mvn_repo\org\codehaus\jettison\jettison\1.1\jettison-1.1.jar;F:\Develop\Maven\apache-maven-3.6.1\mvn_repo\stax\stax-api\1.0.1\stax-api-1.0.1.jar;F:\Develop\Maven\apache-maven-3.6.1\mvn_repo\com\aliyun\aliyun-java-sdk-core\3.4.0\aliyun-java-sdk-core-3.4.0.jar;F:\Develop\Maven\apache-maven-3.6.1\mvn_repo\com\aliyun\aliyun-java-sdk-ram\3.0.0\aliyun-java-sdk-ram-3.0.0.jar;F:\Develop\Maven\apache-maven-3.6.1\mvn_repo\com\aliyun\aliyun-java-sdk-sts\3.0.0\aliyun-java-sdk-sts-3.0.0.jar;F:\Develop\Maven\apache-maven-3.6.1\mvn_repo\com\aliyun\aliyun-java-sdk-ecs\4.2.0\aliyun-java-sdk-ecs-4.2.0.jar;F:\Develop\Maven\apache
Launcher Type: SUN_STANDARD

[Global flags]
     intx CICompilerCount                          = 4                                         {product} {ergonomic}
     uint ConcGCThreads                            = 3                                         {product} {ergonomic}
     uint G1ConcRefinementThreads                  = 10                                        {product} {ergonomic}
   size_t G1HeapRegionSize                         = 2097152                                   {product} {ergonomic}
    uintx GCDrainStackTargetSize                   = 64                                        {product} {ergonomic}
   size_t InitialHeapSize                          = 266338304                                 {product} {ergonomic}
     bool ManagementServer                         = true                                      {product} {command line}
   size_t MarkStackSize                            = 4194304                                   {product} {ergonomic}
   size_t MaxHeapSize                              = 4253024256                                {product} {ergonomic}
   size_t MinHeapDeltaBytes                        = 2097152                                   {product} {ergonomic}
   size_t MinHeapSize                              = 8388608                                   {product} {ergonomic}
    uintx NonProfiledCodeHeapSize                  = 0                                      {pd product} {ergonomic}
     bool ProfileInterpreter                       = false                                  {pd product} {command line}
    uintx ProfiledCodeHeapSize                     = 0                                      {pd product} {ergonomic}
   size_t SoftMaxHeapSize                          = 4253024256                             {manageable} {ergonomic}
     intx TieredStopAtLevel                        = 1                                         {product} {command line}
     bool UseCompressedClassPointers               = true                           {product lp64_product} {ergonomic}
     bool UseCompressedOops                        = true                           {product lp64_product} {ergonomic}
     bool UseG1GC                                  = true                                      {product} {ergonomic}
     bool UseLargePagesIndividualAllocation        = false                                  {pd product} {ergonomic}

Logging:
Log output configuration:
 #0: stdout all=warning uptime,level,tags
 #1: stderr all=off uptime,level,tags

Environment Variables:
JAVA_HOME=D:\develop_tools\jdk\jdk-17
CLASSPATH=.;D:\develop_tools\jdk\jdk-17\lib\dt.jar;D:\develop_tools\jdk\jdk-17\lib\tools.jar
PATH=C:\Windows\system32;F:\Develop\mysql-8.0.31-winx64\bin;D:\develop_tools\jdk\jdk-17\bin;C:\Program Files\Common Files\Oracle\Java\javapath;C:\Program Files (x86)\VMware\VMware Workstation\bin\;E:\Oracle\bin;C:\Program Files\Python38\Scripts\;C:\Program Files\Python38\;C:\Program Files (x86)\Common Files\Oracle\Java\javapath;C:\Windows;C:\Windows\System32\Wbem;C:\Windows\System32\WindowsPowerShell\v1.0\;C:\Windows\System32\OpenSSH\;C:\Program Files (x86)\NVIDIA Corporation\PhysX\Common;C:\Program Files (x86)\Intel\Intel(R) Management Engine Components\DAL;C:\Program Files\Intel\Intel(R) Management Engine Components\DAL;C:\Program Files\Intel\WiFi\bin\;C:\Program Files\Common Files\Intel\WirelessCommon\;C:\Program Files\Java\jdk1.8.0_202\bin;C:\Program Files\Java\jdk1.8.0_202\jre\bin;C:\WINDOWS\system32;C:\WINDOWS;C:\WINDOWS\System32\Wbem;C:\WINDOWS\System32\WindowsPowerShell\v1.0\;C:\WINDOWS\System32\OpenSSH\;C:\Program Files\NVIDIA Corporation\NVIDIA NvDLISR;C:\WINDOWS\system32;C:\WINDOWS;C:\WINDOWS\System32\Wbem;C:\WINDOWS\System32\WindowsPowerShell\v1.0\;C:\WINDOWS\System32\OpenSSH\;D:\MATLAB\R2019b\runtime\win64;D:\MATLAB\R2019b\bin;D:\MATLAB\R2019b\polyspace\bin;D:\Server\hadoop-common-2.2.0-bin-master\bin;F:\Develop\Maven\apache-maven-3.6.1\bin;E:\BigData\scala-2.12.11\bin;E:\BigData\bin;F:\Develop\Maven\apache-maven-3.6.1\bin\;C:\Program Files\dotnet\;E:\anaconda3;E:\anaconda3\Scripts;E:\anaconda3\Library\bin;E:\anaconda3\Library\mingw-w64\bin;D:\Windows Kits\10\Windows Performance Toolkit\;C:\Graphviz 2.44.1\bin;C:\Program Files\Git\cmd;F:\platform-tools;F:\NodeJs\;C:\ProgramData\chocolatey\bin;F:\Develop\Maven\apache-maven-3.6.1\bin;D:\Python\Python37\Scripts\;D:\Python\Python37\;C:\Users\Improve\Anaconda3;C:\Users\Improve\Anaconda3\Scripts;C:\Users\Improve\Anaconda3\Library\bin;C:\Users\Improve\AppData\Local\Microsoft\WindowsApps;F:\Microsoft VS Code\bin;E:\PyCharm 2023.1\bin;;C:\Program Files\JetBrains\IntelliJ IDEA 2023.3.3\bin;;E:\mingw64\bin;C:\Program
USERNAME=Improve
OS=Windows_NT
PROCESSOR_IDENTIFIER=Intel64 Family 6 Model 158 Stepping 10, GenuineIntel



---------------  S Y S T E M  ---------------

OS:
 Windows 10 , 64 bit Build 19041 (10.0.19041.3636)
OS uptime: 6 days 8:12 hours
Hyper-V role detected

CPU: total 12 (initial active 12) (6 cores per cpu, 2 threads per core) family 6 model 158 stepping 10 microcode 0xb4, cx8, cmov, fxsr, ht, mmx, 3dnowpref, sse, sse2, sse3, ssse3, sse4.1, sse4.2, popcnt, lzcnt, tsc, tscinvbit, avx, avx2, aes, erms, clmul, bmi1, bmi2, adx, fma, vzeroupper, clflush, clflushopt, hv

Memory: 4k page, system-wide physical 16221M (610M free)
TotalPageFile size 26461M (AvailPageFile size 21M)
current process WorkingSet (physical memory assigned to process): 12M, peak: 12M
current process commit charge ("private bytes"): 60M, peak: 313M

vm_info: Java HotSpot(TM) 64-Bit Server VM (17.0.10+11-LTS-240) for windows-amd64 JRE (17.0.10+11-LTS-240), built on Dec 19 2023 21:47:25 by "mach5one" with MS VC++ 17.1 (VS2022)

END.
